<?xml version="1.0" encoding="UTF-8"?>
<testsuite name="agh.ics.oop.OptionsParserTest" tests="1" skipped="0" failures="0" errors="0" timestamp="2023-10-28T15:16:21" hostname="DESKTOP-PF8FT8L" time="0.024">
  <properties/>
  <testcase name="testparse()" classname="agh.ics.oop.OptionsParserTest" time="0.024"/>
  <system-out><![CDATA[]]></system-out>
  <system-err><![CDATA[]]></system-err>
</testsuite>
