<?xml version="1.0" encoding="UTF-8"?>
<testsuite name="agh.ics.oop.SimulationTest" tests="1" skipped="0" failures="0" errors="0" timestamp="2023-11-11T19:57:40" hostname="DESKTOP-PF8FT8L" time="0.049">
  <properties/>
  <testcase name="testSimulation()" classname="agh.ics.oop.SimulationTest" time="0.049"/>
  <system-out><![CDATA[ZwierzÄ™ 1: Position: (2,3), Orientation: PĂłĹ‚noc
ZwierzÄ™ 2: Position: (3,3), Orientation: PĂłĹ‚noc
ZwierzÄ™ 1: Position: (2,3), Orientation: WschĂłd
ZwierzÄ™ 2: Position: (3,3), Orientation: ZachĂłd
ZwierzÄ™ 1: Position: (2,3), Orientation: PĂłĹ‚noc
ZwierzÄ™ 2: Position: (3,3), Orientation: PĂłĹ‚noc
ZwierzÄ™ 1: Position: (2,3), Orientation: WschĂłd
ZwierzÄ™ 2: Position: (3,3), Orientation: ZachĂłd
ZwierzÄ™ 1: Position: (3,3), Orientation: WschĂłd
ZwierzÄ™ 2: Position: (2,3), Orientation: ZachĂłd
ZwierzÄ™ 1: Position: (4,3), Orientation: WschĂłd
ZwierzÄ™ 2: Position: (1,3), Orientation: ZachĂłd
ZwierzÄ™ 1: Position: (2,1), Orientation: PĂłĹ‚noc
ZwierzÄ™ 2: Position: (3,4), Orientation: PĂłĹ‚noc
ZwierzÄ™ 1: Position: (2,0), Orientation: PĂłĹ‚noc
ZwierzÄ™ 2: Position: (3,4), Orientation: PĂłĹ‚noc
ZwierzÄ™ 1: Position: (2,0), Orientation: PĂłĹ‚noc
ZwierzÄ™ 2: Position: (3,4), Orientation: PĂłĹ‚noc
ZwierzÄ™ 1: Position: (2,0), Orientation: PĂłĹ‚noc
ZwierzÄ™ 2: Position: (3,4), Orientation: PĂłĹ‚noc
]]></system-out>
  <system-err><![CDATA[]]></system-err>
</testsuite>
